生成启动时间为 2021/4/2 17:21:40。
     1>项目“F:\tempDemo\NPOIReadExcel\MFCDemo\MFCDemo.vcxproj”在节点 2 上(build 个目标)。
     1>InitializeBuildStatus:
         正在创建“Debug\MFCDemo.unsuccessfulbuild”，因为已指定“AlwaysCreate”。
       GenerateTargetFrameworkMonikerAttribute:
       正在跳过目标“GenerateTargetFrameworkMonikerAttribute”，因为所有输出文件相对于输入文件而言都是最新的。
       ClCompile:
         所有输出均为最新。
         所有输出均为最新。
         所有输出均为最新。
       ResourceCompile:
         所有输出均为最新。
       Link:
         D:\Program Files (x86)\Microsoft Visual Studio 10.0\VC\bin\link.exe /ERRORREPORT:PROMPT /OUT:"F:\tempDemo\NPOIReadExcel\Debug\MFCDemo.exe" /INCREMENTAL /NOLOGO /MANIFEST /ManifestFile:"Debug\MFCDemo.exe.intermediate.manifest" /MANIFESTUAC:"level='asInvoker' uiAccess='false'" /DEBUG /PDB:"F:\tempDemo\NPOIReadExcel\Debug\MFCDemo.pdb" /ASSEMBLYDEBUG /SUBSYSTEM:WINDOWS /TLBID:1 /ENTRY:"wWinMainCRTStartup" /DYNAMICBASE /FIXED:NO /NXCOMPAT /MACHINE:X86 Debug\MFCDemo.res
         Debug\MFCDemo.obj
         Debug\MFCDemoDlg.obj
         Debug\stdafx.obj
         "Debug\.NETFramework,Version=v4.0.AssemblyAttributes.obj"
         MFCDemo.vcxproj -> F:\tempDemo\NPOIReadExcel\Debug\MFCDemo.exe
       Manifest:
         C:\Program Files (x86)\Microsoft SDKs\Windows\v7.0A\bin\mt.exe /nologo /verbose /outputresource:"F:\tempDemo\NPOIReadExcel\Debug\MFCDemo.exe;#1" /manifest Debug\MFCDemo.exe.intermediate.manifest "D:\Program Files (x86)\Microsoft Visual Studio 10.0\VC\Include\Manifest\dpiaware.manifest"
       FinalizeBuildStatus:
         正在删除文件“Debug\MFCDemo.unsuccessfulbuild”。
         正在对“Debug\MFCDemo.lastbuildstate”执行 Touch 任务。
     1>已完成生成项目“F:\tempDemo\NPOIReadExcel\MFCDemo\MFCDemo.vcxproj”(build 个目标)的操作。

生成成功。

已用时间 00:00:01.69
